<?xml version="1.0" encoding="UTF-8"?>
<!-- Generated by org.testng.reporters.JUnitXMLReporter -->
<testsuite hostname="Shivani-PC" ignored="0" name="ChromeTest" tests="1" failures="0" timestamp="2020-04-12T21:45:20 IST" time="26.036" errors="0">
  <testcase name="@BeforeMethod setup" time="0.676" classname="test.MHomeWebPageTest">
    <failure type="org.openqa.selenium.WebDriverException" message="An unknown server-side error occurred while processing the command. Original error: URI and package arguments are required
Build info: version: &amp;apos;3.141.59&amp;apos;, revision: &amp;apos;e82be7d358&amp;apos;, time: &amp;apos;2018-11-14T08:17:03&amp;apos;
System info: host: &amp;apos;SHIVANI-PC&amp;apos;, ip: &amp;apos;192.168.0.48&amp;apos;, os.name: &amp;apos;Windows 10&amp;apos;, os.arch: &amp;apos;amd64&amp;apos;, os.version: &amp;apos;10.0&amp;apos;, java.version: &amp;apos;1.8.0_211&amp;apos;
Driver info: io.appium.java_client.AppiumDriver
Capabilities {databaseEnabled: false, desired: {deviceName: AUM=Lenovo K33a42, newCommandTimeout: 60, platformName: android, udid: cab590f7}, deviceApiLevel: 24, deviceManufacturer: LENOVO, deviceModel: Lenovo K33a42, deviceName: cab590f7, deviceScreenDensity: 480, deviceScreenSize: 1080x1920, deviceUDID: cab590f7, javascriptEnabled: true, locationContextEnabled: false, networkConnectionEnabled: true, newCommandTimeout: 60, pixelRatio: 3, platform: LINUX, platformName: ANDROID, platformVersion: 7.0, statBarHeight: 72, takesScreenshot: true, udid: cab590f7, viewportRect: {height: 1848, left: 0, top: 72, width: 1080}, warnings: {}, webStorageEnabled: false}
Session ID: bc9b0421-dac5-4a3f-9dde-ff0fc26a0a51">
      <![CDATA[org.openqa.selenium.WebDriverException: An unknown server-side error occurred while processing the command. Original error: URI and package arguments are required
Build info: version: '3.141.59', revision: 'e82be7d358', time: '2018-11-14T08:17:03'
System info: host: 'SHIVANI-PC', ip: '192.168.0.48', os.name: 'Windows 10', os.arch: 'amd64', os.version: '10.0', java.version: '1.8.0_211'
Driver info: io.appium.java_client.AppiumDriver
Capabilities {databaseEnabled: false, desired: {deviceName: AUM=Lenovo K33a42, newCommandTimeout: 60, platformName: android, udid: cab590f7}, deviceApiLevel: 24, deviceManufacturer: LENOVO, deviceModel: Lenovo K33a42, deviceName: cab590f7, deviceScreenDensity: 480, deviceScreenSize: 1080x1920, deviceUDID: cab590f7, javascriptEnabled: true, locationContextEnabled: false, networkConnectionEnabled: true, newCommandTimeout: 60, pixelRatio: 3, platform: LINUX, platformName: ANDROID, platformVersion: 7.0, statBarHeight: 72, takesScreenshot: true, udid: cab590f7, viewportRect: {height: 1848, left: 0, top: 72, width: 1080}, warnings: {}, webStorageEnabled: false}
Session ID: bc9b0421-dac5-4a3f-9dde-ff0fc26a0a51
at org.openqa.selenium.remote.http.W3CHttpResponseCodec.createException(W3CHttpResponseCodec.java:187)
at org.openqa.selenium.remote.http.W3CHttpResponseCodec.decode(W3CHttpResponseCodec.java:122)
at org.openqa.selenium.remote.http.W3CHttpResponseCodec.decode(W3CHttpResponseCodec.java:49)
at org.openqa.selenium.remote.HttpCommandExecutor.execute(HttpCommandExecutor.java:158)
at io.appium.java_client.remote.AppiumCommandExecutor.execute(AppiumCommandExecutor.java:239)
at org.openqa.selenium.remote.RemoteWebDriver.execute(RemoteWebDriver.java:552)
at io.appium.java_client.DefaultGenericMobileDriver.execute(DefaultGenericMobileDriver.java:41)
at io.appium.java_client.AppiumDriver.execute(AppiumDriver.java:1)
at org.openqa.selenium.remote.RemoteWebDriver.get(RemoteWebDriver.java:277)
at com.Pages.MHomeWebPage.<init>(MHomeWebPage.java:52)
at test.MHomeWebPageTest.setup(MHomeWebPageTest.java:38)
at java.util.ArrayList.forEach(ArrayList.java:1257)
at java.util.concurrent.FutureTask.run(FutureTask.java:266)
at java.util.concurrent.ThreadPoolExecutor.runWorker(ThreadPoolExecutor.java:1149)
at java.util.concurrent.ThreadPoolExecutor$Worker.run(ThreadPoolExecutor.java:624)
at java.lang.Thread.run(Thread.java:748)
... Removed 26 stack frames]]>
    </failure>
  </testcase> <!-- @BeforeMethod setup -->
  <testcase name="@AfterTest teardown" time="-1.586708120747E9" classname="test.MHomeWebPageTest">
    <skipped/>
  </testcase> <!-- @AfterTest teardown -->
  <testcase name="MobileWebTest" time="0.0" classname="test.MHomeWebPageTest">
    <skipped/>
  </testcase> <!-- MobileWebTest -->
</testsuite> <!-- ChromeTest -->
